<?xml version="1.0" encoding="UTF-8"?>
<testng-results ignored="0" total="1" passed="1" failed="0" skipped="0">
  <reporter-output>
  </reporter-output>
  <suite started-at="2023-08-08T00:16:20 IST" name="Default suite" finished-at="2023-08-08T00:16:21 IST" duration-ms="1171">
    <groups>
    </groups>
    <test started-at="2023-08-08T00:16:20 IST" name="Default test" finished-at="2023-08-08T00:16:21 IST" duration-ms="1171">
      <class name="wiremock_testing.MockRecording">
        <test-method signature="record()[pri:0, instance:wiremock_testing.MockRecording@a514af7]" started-at="2023-08-08T00:16:20 IST" name="record" finished-at="2023-08-08T00:16:21 IST" duration-ms="1142" status="PASS">
          <reporter-output>
          </reporter-output>
        </test-method> <!-- record -->
      </class> <!-- wiremock_testing.MockRecording -->
    </test> <!-- Default test -->
  </suite> <!-- Default suite -->
</testng-results>
